<?xml version="1.0" encoding="UTF-8" standalone="yes"?><!DOCTYPE report PUBLIC "-//JACOCO//DTD Report 1.0//EN" "report.dtd"><report name="sievenna"><sessioninfo id="onnin-fuxxilaite-df5dfd34" start="1514814207395" dump="1514814208639"/><sessioninfo id="onnin-fuxxilaite-b08a03c6" start="1514814929760" dump="1514814931146"/><sessioninfo id="onnin-fuxxilaite-63eb81ee" start="1514815317131" dump="1514815318607"/><sessioninfo id="onnin-fuxxilaite-e95995ed" start="1514815417206" dump="1514815418672"/><sessioninfo id="onnin-fuxxilaite-685ac142" start="1514822920482" dump="1514822921844"/><sessioninfo id="onnin-fuxxilaite-6c833210" start="1514823270651" dump="1514823272104"/><package name=""><class name="HuffNode"><method name="&lt;init&gt;" desc="(IILHuffNode;LHuffNode;)V" line="9"><counter type="INSTRUCTION" missed="0" covered="15"/><counter type="LINE" missed="0" covered="6"/><counter type="COMPLEXITY" missed="0" covered="1"/><counter type="METHOD" missed="0" covered="1"/></method><method name="join" desc="(LHuffNode;)LHuffNode;" line="23"><counter type="INSTRUCTION" missed="0" covered="12"/><counter type="LINE" missed="0" covered="1"/><counter type="COMPLEXITY" missed="0" covered="1"/><counter type="METHOD" missed="0" covered="1"/></method><method name="compareTo" desc="(LHuffNode;)I" line="29"><counter type="INSTRUCTION" missed="0" covered="6"/><counter type="LINE" missed="0" covered="1"/><counter type="COMPLEXITY" missed="0" covered="1"/><counter type="METHOD" missed="0" covered="1"/></method><method name="getKey" desc="()I" line="33"><counter type="INSTRUCTION" missed="0" covered="3"/><counter type="LINE" missed="0" covered="1"/><counter type="COMPLEXITY" missed="0" covered="1"/><counter type="METHOD" missed="0" covered="1"/></method><method name="getLeft" desc="()LHuffNode;" line="37"><counter type="INSTRUCTION" missed="0" covered="3"/><counter type="LINE" missed="0" covered="1"/><counter type="COMPLEXITY" missed="0" covered="1"/><counter type="METHOD" missed="0" covered="1"/></method><method name="getRight" desc="()LHuffNode;" line="41"><counter type="INSTRUCTION" missed="0" covered="3"/><counter type="LINE" missed="0" covered="1"/><counter type="COMPLEXITY" missed="0" covered="1"/><counter type="METHOD" missed="0" covered="1"/></method><method name="getFreq" desc="()I" line="45"><counter type="INSTRUCTION" missed="0" covered="3"/><counter type="LINE" missed="0" covered="1"/><counter type="COMPLEXITY" missed="0" covered="1"/><counter type="METHOD" missed="0" covered="1"/></method><counter type="INSTRUCTION" missed="0" covered="45"/><counter type="LINE" missed="0" covered="12"/><counter type="COMPLEXITY" missed="0" covered="7"/><counter type="METHOD" missed="0" covered="7"/><counter type="CLASS" missed="0" covered="1"/></class><class name="BinaryFileOutput"><method name="&lt;init&gt;" desc="(Ljava/io/FileOutputStream;)V" line="14"><counter type="INSTRUCTION" missed="0" covered="15"/><counter type="LINE" missed="0" covered="5"/><counter type="COMPLEXITY" missed="0" covered="1"/><counter type="METHOD" missed="0" covered="1"/></method><method name="writeBit" desc="(Z)V" line="26"><counter type="INSTRUCTION" missed="52" covered="0"/><counter type="BRANCH" missed="10" covered="0"/><counter type="LINE" missed="13" covered="0"/><counter type="COMPLEXITY" missed="6" covered="0"/><counter type="METHOD" missed="1" covered="0"/></method><method name="writeBinaryString" desc="(Ljava/lang/String;)V" line="51"><counter type="INSTRUCTION" missed="19" covered="0"/><counter type="BRANCH" missed="4" covered="0"/><counter type="LINE" missed="3" covered="0"/><counter type="COMPLEXITY" missed="3" covered="0"/><counter type="METHOD" missed="1" covered="0"/></method><method name="write8bitInt" desc="(I)V" line="58"><counter type="INSTRUCTION" missed="64" covered="0"/><counter type="BRANCH" missed="14" covered="0"/><counter type="LINE" missed="11" covered="0"/><counter type="COMPLEXITY" missed="8" covered="0"/><counter type="METHOD" missed="1" covered="0"/></method><method name="&lt;clinit&gt;" desc="()V" line="10"><counter type="INSTRUCTION" missed="2" covered="6"/><counter type="BRANCH" missed="1" covered="1"/><counter type="LINE" missed="0" covered="1"/><counter type="COMPLEXITY" missed="1" covered="1"/><counter type="METHOD" missed="0" covered="1"/></method><counter type="INSTRUCTION" missed="137" covered="21"/><counter type="BRANCH" missed="29" covered="1"/><counter type="LINE" missed="27" covered="6"/><counter type="COMPLEXITY" missed="18" covered="2"/><counter type="METHOD" missed="3" covered="2"/><counter type="CLASS" missed="0" covered="1"/></class><class name="sievenna"><method name="&lt;init&gt;" desc="()V" line="9"><counter type="INSTRUCTION" missed="3" covered="0"/><counter type="LINE" missed="1" covered="0"/><counter type="COMPLEXITY" missed="1" covered="0"/><counter type="METHOD" missed="1" covered="0"/></method><method name="main" desc="([Ljava/lang/String;)V" line="14"><counter type="INSTRUCTION" missed="136" covered="0"/><counter type="BRANCH" missed="4" covered="0"/><counter type="LINE" missed="25" covered="0"/><counter type="COMPLEXITY" missed="3" covered="0"/><counter type="METHOD" missed="1" covered="0"/></method><method name="buildTrie" desc="([I)LHuffNode;" line="63"><counter type="INSTRUCTION" missed="0" covered="47"/><counter type="BRANCH" missed="0" covered="4"/><counter type="LINE" missed="0" covered="9"/><counter type="COMPLEXITY" missed="0" covered="3"/><counter type="METHOD" missed="0" covered="1"/></method><method name="buildHuffTable" desc="(LHuffNode;Ljava/lang/String;[Ljava/lang/String;)V" line="87"><counter type="INSTRUCTION" missed="0" covered="35"/><counter type="BRANCH" missed="0" covered="2"/><counter type="LINE" missed="0" covered="5"/><counter type="COMPLEXITY" missed="0" covered="2"/><counter type="METHOD" missed="0" covered="1"/></method><method name="writeHuffmanTrie" desc="(LHuffNode;LBinaryFileOutput;)V" line="96"><counter type="INSTRUCTION" missed="24" covered="0"/><counter type="BRANCH" missed="2" covered="0"/><counter type="LINE" missed="7" covered="0"/><counter type="COMPLEXITY" missed="2" covered="0"/><counter type="METHOD" missed="1" covered="0"/></method><counter type="INSTRUCTION" missed="163" covered="82"/><counter type="BRANCH" missed="6" covered="6"/><counter type="LINE" missed="33" covered="14"/><counter type="COMPLEXITY" missed="6" covered="5"/><counter type="METHOD" missed="3" covered="2"/><counter type="CLASS" missed="0" covered="1"/></class><sourcefile name="BinaryFileOutput.java"><line nr="10" mi="2" ci="6" mb="1" cb="1"/><line nr="14" mi="0" ci="2" mb="0" cb="0"/><line nr="15" mi="0" ci="3" mb="0" cb="0"/><line nr="16" mi="0" ci="3" mb="0" cb="0"/><line nr="17" mi="0" ci="6" mb="0" cb="0"/><line nr="18" mi="0" ci="1" mb="0" cb="0"/><line nr="26" mi="6" ci="0" mb="0" cb="0"/><line nr="27" mi="2" ci="0" mb="2" cb="0"/><line nr="28" mi="6" ci="0" mb="0" cb="0"/><line nr="30" mi="6" ci="0" mb="0" cb="0"/><line nr="33" mi="3" ci="0" mb="2" cb="0"/><line nr="34" mi="13" ci="0" mb="6" cb="0"/><line nr="36" mi="5" ci="0" mb="0" cb="0"/><line nr="37" mi="1" ci="0" mb="0" cb="0"/><line nr="38" mi="2" ci="0" mb="0" cb="0"/><line nr="39" mi="1" ci="0" mb="0" cb="0"/><line nr="40" mi="3" ci="0" mb="0" cb="0"/><line nr="41" mi="3" ci="0" mb="0" cb="0"/><line nr="43" mi="1" ci="0" mb="0" cb="0"/><line nr="51" mi="8" ci="0" mb="2" cb="0"/><line nr="52" mi="10" ci="0" mb="2" cb="0"/><line nr="54" mi="1" ci="0" mb="0" cb="0"/><line nr="58" mi="3" ci="0" mb="0" cb="0"/><line nr="59" mi="10" ci="0" mb="4" cb="0"/><line nr="60" mi="5" ci="0" mb="0" cb="0"/><line nr="61" mi="2" ci="0" mb="2" cb="0"/><line nr="62" mi="3" ci="0" mb="0" cb="0"/><line nr="63" mi="3" ci="0" mb="0" cb="0"/><line nr="64" mi="9" ci="0" mb="0" cb="0"/><line nr="66" mi="10" ci="0" mb="4" cb="0"/><line nr="68" mi="8" ci="0" mb="2" cb="0"/><line nr="69" mi="10" ci="0" mb="2" cb="0"/><line nr="71" mi="1" ci="0" mb="0" cb="0"/><counter type="INSTRUCTION" missed="137" covered="21"/><counter type="BRANCH" missed="29" covered="1"/><counter type="LINE" missed="27" covered="6"/><counter type="COMPLEXITY" missed="18" covered="2"/><counter type="METHOD" missed="3" covered="2"/><counter type="CLASS" missed="0" covered="1"/></sourcefile><sourcefile name="HuffNode.java"><line nr="9" mi="0" ci="2" mb="0" cb="0"/><line nr="10" mi="0" ci="3" mb="0" cb="0"/><line nr="11" mi="0" ci="3" mb="0" cb="0"/><line nr="12" mi="0" ci="3" mb="0" cb="0"/><line nr="13" mi="0" ci="3" mb="0" cb="0"/><line nr="14" mi="0" ci="1" mb="0" cb="0"/><line nr="23" mi="0" ci="12" mb="0" cb="0"/><line nr="29" mi="0" ci="6" mb="0" cb="0"/><line nr="33" mi="0" ci="3" mb="0" cb="0"/><line nr="37" mi="0" ci="3" mb="0" cb="0"/><line nr="41" mi="0" ci="3" mb="0" cb="0"/><line nr="45" mi="0" ci="3" mb="0" cb="0"/><counter type="INSTRUCTION" missed="0" covered="45"/><counter type="LINE" missed="0" covered="12"/><counter type="COMPLEXITY" missed="0" covered="7"/><counter type="METHOD" missed="0" covered="7"/><counter type="CLASS" missed="0" covered="1"/></sourcefile><sourcefile name="sievenna.java"><line nr="9" mi="3" ci="0" mb="0" cb="0"/><line nr="14" mi="3" ci="0" mb="0" cb="0"/><line nr="15" mi="3" ci="0" mb="0" cb="0"/><line nr="16" mi="10" ci="0" mb="0" cb="0"/><line nr="17" mi="10" ci="0" mb="0" cb="0"/><line nr="18" mi="11" ci="0" mb="0" cb="0"/><line nr="19" mi="5" ci="0" mb="0" cb="0"/><line nr="20" mi="11" ci="0" mb="0" cb="0"/><line nr="23" mi="7" ci="0" mb="0" cb="0"/><line nr="24" mi="4" ci="0" mb="0" cb="0"/><line nr="25" mi="4" ci="0" mb="0" cb="0"/><line nr="26" mi="3" ci="0" mb="0" cb="0"/><line nr="28" mi="3" ci="0" mb="0" cb="0"/><line nr="29" mi="8" ci="0" mb="2" cb="0"/><line nr="30" mi="10" ci="0" mb="0" cb="0"/><line nr="33" mi="3" ci="0" mb="0" cb="0"/><line nr="35" mi="3" ci="0" mb="0" cb="0"/><line nr="36" mi="4" ci="0" mb="0" cb="0"/><line nr="38" mi="10" ci="0" mb="0" cb="0"/><line nr="41" mi="3" ci="0" mb="0" cb="0"/><line nr="44" mi="8" ci="0" mb="2" cb="0"/><line nr="45" mi="8" ci="0" mb="0" cb="0"/><line nr="48" mi="1" ci="0" mb="0" cb="0"/><line nr="49" mi="2" ci="0" mb="0" cb="0"/><line nr="50" mi="1" ci="0" mb="0" cb="0"/><line nr="51" mi="1" ci="0" mb="0" cb="0"/><line nr="63" mi="0" ci="4" mb="0" cb="0"/><line nr="65" mi="0" ci="8" mb="0" cb="2"/><line nr="66" mi="0" ci="12" mb="0" cb="0"/><line nr="69" mi="0" ci="4" mb="0" cb="2"/><line nr="70" mi="0" ci="4" mb="0" cb="0"/><line nr="71" mi="0" ci="4" mb="0" cb="0"/><line nr="72" mi="0" ci="6" mb="0" cb="0"/><line nr="73" mi="0" ci="1" mb="0" cb="0"/><line nr="74" mi="0" ci="4" mb="0" cb="0"/><line nr="87" mi="0" ci="4" mb="0" cb="2"/><line nr="88" mi="0" ci="6" mb="0" cb="0"/><line nr="90" mi="0" ci="12" mb="0" cb="0"/><line nr="91" mi="0" ci="12" mb="0" cb="0"/><line nr="93" mi="0" ci="1" mb="0" cb="0"/><line nr="96" mi="4" ci="0" mb="2" cb="0"/><line nr="97" mi="3" ci="0" mb="0" cb="0"/><line nr="98" mi="4" ci="0" mb="0" cb="0"/><line nr="99" mi="5" ci="0" mb="0" cb="0"/><line nr="101" mi="3" ci="0" mb="0" cb="0"/><line nr="102" mi="4" ci="0" mb="0" cb="0"/><line nr="104" mi="1" ci="0" mb="0" cb="0"/><counter type="INSTRUCTION" missed="163" covered="82"/><counter type="BRANCH" missed="6" covered="6"/><counter type="LINE" missed="33" covered="14"/><counter type="COMPLEXITY" missed="6" covered="5"/><counter type="METHOD" missed="3" covered="2"/><counter type="CLASS" missed="0" covered="1"/></sourcefile><counter type="INSTRUCTION" missed="300" covered="148"/><counter type="BRANCH" missed="35" covered="7"/><counter type="LINE" missed="60" covered="32"/><counter type="COMPLEXITY" missed="24" covered="14"/><counter type="METHOD" missed="6" covered="11"/><counter type="CLASS" missed="0" covered="3"/></package><counter type="INSTRUCTION" missed="300" covered="148"/><counter type="BRANCH" missed="35" covered="7"/><counter type="LINE" missed="60" covered="32"/><counter type="COMPLEXITY" missed="24" covered="14"/><counter type="METHOD" missed="6" covered="11"/><counter type="CLASS" missed="0" covered="3"/></report>